2020-08-04 08:45:21.538 INFO [main]com.uestc.labelproject.LabelprojectApplicationTests.logStarting:50 -Starting LabelprojectApplicationTests on xingzheng with PID 10348 (started by xingzheng in /home/xingzheng/LabelDoc/server/server-springBoot)
2020-08-04 08:45:21.543 INFO [main]com.uestc.labelproject.LabelprojectApplicationTests.logStartupProfileInfo:650 -The following profiles are active: proc
2020-08-04 08:45:22.815 INFO [main]o.s.d.repository.config.RepositoryConfigurationDelegate.multipleStoresDetected:244 -Multiple Spring Data modules found, entering strict repository configuration mode!
2020-08-04 08:45:22.821 INFO [main]o.s.d.repository.config.RepositoryConfigurationDelegate.registerRepositoriesIn:126 -Bootstrapping Spring Data repositories in DEFAULT mode.
2020-08-04 08:45:22.896 INFO [main]o.s.d.repository.config.RepositoryConfigurationDelegate.registerRepositoriesIn:182 -Finished Spring Data repository scanning in 48ms. Found 0 repository interfaces.
2020-08-04 08:45:23.519 INFO [main]o.s.c.s.PostProcessorRegistrationDelegate$BeanPostProcessorChecker.postProcessAfterInitialization:330 -Bean 'org.springframework.transaction.annotation.ProxyTransactionManagementConfiguration' of type [org.springframework.transaction.annotation.ProxyTransactionManagementConfiguration$$EnhancerBySpringCGLIB$$86492385] is not eligible for getting processed by all BeanPostProcessors (for example: not eligible for auto-proxying)
2020-08-04 08:45:25.312 INFO [main]o.s.security.web.DefaultSecurityFilterChain.<init>:43 -Creating filter chain: Ant [pattern='/test/**'], []
2020-08-04 08:45:25.313 INFO [main]o.s.security.web.DefaultSecurityFilterChain.<init>:43 -Creating filter chain: Ant [pattern='/image/**'], []
2020-08-04 08:45:25.354 INFO [main]o.s.security.web.DefaultSecurityFilterChain.<init>:43 -Creating filter chain: Ant [pattern='/thumb/**'], []
2020-08-04 08:45:25.355 INFO [main]o.s.security.web.DefaultSecurityFilterChain.<init>:43 -Creating filter chain: Ant [pattern='/video/**'], []
2020-08-04 08:45:25.356 INFO [main]o.s.security.web.DefaultSecurityFilterChain.<init>:43 -Creating filter chain: Ant [pattern='/videos/**'], []
2020-08-04 08:45:25.531 INFO [main]o.s.security.web.DefaultSecurityFilterChain.<init>:43 -Creating filter chain: any request, [org.springframework.security.web.context.request.async.WebAsyncManagerIntegrationFilter@4130955c, org.springframework.security.web.context.SecurityContextPersistenceFilter@e111c7c, org.springframework.security.web.header.HeaderWriterFilter@228bda54, org.springframework.web.filter.CorsFilter@2bfaba70, org.springframework.security.web.authentication.logout.LogoutFilter@77fa9381, com.uestc.labelproject.config.JwtAuthenticationTokenFilter@71adfedd, org.springframework.security.web.authentication.UsernamePasswordAuthenticationFilter@3127cb44, org.springframework.security.web.authentication.ui.DefaultLoginPageGeneratingFilter@4eb9f2af, org.springframework.security.web.authentication.ui.DefaultLogoutPageGeneratingFilter@9301672, org.springframework.security.web.authentication.www.BasicAuthenticationFilter@64deb58f, org.springframework.security.web.savedrequest.RequestCacheAwareFilter@32f96bba, org.springframework.security.web.servletapi.SecurityContextHolderAwareRequestFilter@7affc159, org.springframework.security.web.authentication.AnonymousAuthenticationFilter@4ceff87d, org.springframework.security.web.session.SessionManagementFilter@b3e86d5, org.springframework.security.web.access.ExceptionTranslationFilter@4d634127, org.springframework.security.web.access.intercept.FilterSecurityInterceptor@682af059]
2020-08-04 08:45:26.342 INFO [main]o.s.scheduling.concurrent.ThreadPoolTaskExecutor.initialize:171 -Initializing ExecutorService 'applicationTaskExecutor'
2020-08-04 08:45:27.289 INFO [main]com.uestc.labelproject.LabelprojectApplicationTests.logStarted:59 -Started LabelprojectApplicationTests in 7.048 seconds (JVM running for 10.956)
2020-08-04 08:45:27.655 INFO [Thread-3]o.s.scheduling.concurrent.ThreadPoolTaskExecutor.shutdown:208 -Shutting down ExecutorService 'applicationTaskExecutor'
2020-08-04 08:59:11.048 INFO [main]com.uestc.labelproject.LabelprojectApplicationTests.logStarting:50 -Starting LabelprojectApplicationTests on xingzheng with PID 11065 (started by xingzheng in /home/xingzheng/LabelDoc/server/server-springBoot)
2020-08-04 08:59:11.050 INFO [main]com.uestc.labelproject.LabelprojectApplicationTests.logStartupProfileInfo:650 -The following profiles are active: proc
2020-08-04 08:59:12.358 INFO [main]o.s.d.repository.config.RepositoryConfigurationDelegate.multipleStoresDetected:244 -Multiple Spring Data modules found, entering strict repository configuration mode!
2020-08-04 08:59:12.363 INFO [main]o.s.d.repository.config.RepositoryConfigurationDelegate.registerRepositoriesIn:126 -Bootstrapping Spring Data repositories in DEFAULT mode.
2020-08-04 08:59:12.433 INFO [main]o.s.d.repository.config.RepositoryConfigurationDelegate.registerRepositoriesIn:182 -Finished Spring Data repository scanning in 49ms. Found 0 repository interfaces.
2020-08-04 08:59:13.078 INFO [main]o.s.c.s.PostProcessorRegistrationDelegate$BeanPostProcessorChecker.postProcessAfterInitialization:330 -Bean 'org.springframework.transaction.annotation.ProxyTransactionManagementConfiguration' of type [org.springframework.transaction.annotation.ProxyTransactionManagementConfiguration$$EnhancerBySpringCGLIB$$9f89458c] is not eligible for getting processed by all BeanPostProcessors (for example: not eligible for auto-proxying)
2020-08-04 08:59:15.077 INFO [main]o.s.security.web.DefaultSecurityFilterChain.<init>:43 -Creating filter chain: Ant [pattern='/test/**'], []
2020-08-04 08:59:15.078 INFO [main]o.s.security.web.DefaultSecurityFilterChain.<init>:43 -Creating filter chain: Ant [pattern='/image/**'], []
2020-08-04 08:59:15.079 INFO [main]o.s.security.web.DefaultSecurityFilterChain.<init>:43 -Creating filter chain: Ant [pattern='/thumb/**'], []
2020-08-04 08:59:15.080 INFO [main]o.s.security.web.DefaultSecurityFilterChain.<init>:43 -Creating filter chain: Ant [pattern='/video/**'], []
2020-08-04 08:59:15.080 INFO [main]o.s.security.web.DefaultSecurityFilterChain.<init>:43 -Creating filter chain: Ant [pattern='/videos/**'], []
2020-08-04 08:59:15.304 INFO [main]o.s.security.web.DefaultSecurityFilterChain.<init>:43 -Creating filter chain: any request, [org.springframework.security.web.context.request.async.WebAsyncManagerIntegrationFilter@2c7db926, org.springframework.security.web.context.SecurityContextPersistenceFilter@21a9a705, org.springframework.security.web.header.HeaderWriterFilter@32f96bba, org.springframework.web.filter.CorsFilter@2577a95d, org.springframework.security.web.authentication.logout.LogoutFilter@33379242, com.uestc.labelproject.config.JwtAuthenticationTokenFilter@1668919e, org.springframework.security.web.authentication.UsernamePasswordAuthenticationFilter@2dd8ff1d, org.springframework.security.web.authentication.ui.DefaultLoginPageGeneratingFilter@479b5066, org.springframework.security.web.authentication.ui.DefaultLogoutPageGeneratingFilter@63300c4b, org.springframework.security.web.authentication.www.BasicAuthenticationFilter@7d17ee50, org.springframework.security.web.savedrequest.RequestCacheAwareFilter@76ececd, org.springframework.security.web.servletapi.SecurityContextHolderAwareRequestFilter@77fa9381, org.springframework.security.web.authentication.AnonymousAuthenticationFilter@22c53d82, org.springframework.security.web.session.SessionManagementFilter@67e25252, org.springframework.security.web.access.ExceptionTranslationFilter@72b43104, org.springframework.security.web.access.intercept.FilterSecurityInterceptor@6d0be7ab]
2020-08-04 08:59:16.187 INFO [main]o.s.scheduling.concurrent.ThreadPoolTaskExecutor.initialize:171 -Initializing ExecutorService 'applicationTaskExecutor'
2020-08-04 08:59:17.197 INFO [main]com.uestc.labelproject.LabelprojectApplicationTests.logStarted:59 -Started LabelprojectApplicationTests in 6.69 seconds (JVM running for 7.813)
2020-08-04 08:59:17.573 INFO [Thread-3]o.s.scheduling.concurrent.ThreadPoolTaskExecutor.shutdown:208 -Shutting down ExecutorService 'applicationTaskExecutor'
2020-08-04 09:02:12.089 INFO [main]com.uestc.labelproject.LabelprojectApplicationTests.logStarting:50 -Starting LabelprojectApplicationTests on xingzheng with PID 11452 (started by xingzheng in /home/xingzheng/LabelDoc/server/server-springBoot)
2020-08-04 09:02:12.091 INFO [main]com.uestc.labelproject.LabelprojectApplicationTests.logStartupProfileInfo:650 -The following profiles are active: proc
2020-08-04 09:02:20.643 INFO [main]o.s.d.repository.config.RepositoryConfigurationDelegate.multipleStoresDetected:244 -Multiple Spring Data modules found, entering strict repository configuration mode!
2020-08-04 09:02:20.649 INFO [main]o.s.d.repository.config.RepositoryConfigurationDelegate.registerRepositoriesIn:126 -Bootstrapping Spring Data repositories in DEFAULT mode.
2020-08-04 09:02:20.716 INFO [main]o.s.d.repository.config.RepositoryConfigurationDelegate.registerRepositoriesIn:182 -Finished Spring Data repository scanning in 42ms. Found 0 repository interfaces.
2020-08-04 09:02:21.301 INFO [main]o.s.c.s.PostProcessorRegistrationDelegate$BeanPostProcessorChecker.postProcessAfterInitialization:330 -Bean 'org.springframework.transaction.annotation.ProxyTransactionManagementConfiguration' of type [org.springframework.transaction.annotation.ProxyTransactionManagementConfiguration$$EnhancerBySpringCGLIB$$678757f7] is not eligible for getting processed by all BeanPostProcessors (for example: not eligible for auto-proxying)
2020-08-04 09:02:23.269 INFO [main]o.s.security.web.DefaultSecurityFilterChain.<init>:43 -Creating filter chain: Ant [pattern='/test/**'], []
2020-08-04 09:02:23.270 INFO [main]o.s.security.web.DefaultSecurityFilterChain.<init>:43 -Creating filter chain: Ant [pattern='/image/**'], []
2020-08-04 09:02:23.270 INFO [main]o.s.security.web.DefaultSecurityFilterChain.<init>:43 -Creating filter chain: Ant [pattern='/thumb/**'], []
2020-08-04 09:02:23.270 INFO [main]o.s.security.web.DefaultSecurityFilterChain.<init>:43 -Creating filter chain: Ant [pattern='/video/**'], []
2020-08-04 09:02:23.271 INFO [main]o.s.security.web.DefaultSecurityFilterChain.<init>:43 -Creating filter chain: Ant [pattern='/videos/**'], []
2020-08-04 09:02:23.482 INFO [main]o.s.security.web.DefaultSecurityFilterChain.<init>:43 -Creating filter chain: any request, [org.springframework.security.web.context.request.async.WebAsyncManagerIntegrationFilter@4ceff87d, org.springframework.security.web.context.SecurityContextPersistenceFilter@67e25252, org.springframework.security.web.header.HeaderWriterFilter@e111c7c, org.springframework.web.filter.CorsFilter@3238e2aa, org.springframework.security.web.authentication.logout.LogoutFilter@64deb58f, com.uestc.labelproject.config.JwtAuthenticationTokenFilter@2c7db926, org.springframework.security.web.authentication.UsernamePasswordAuthenticationFilter@3252747e, org.springframework.security.web.authentication.ui.DefaultLoginPageGeneratingFilter@76d72b5b, org.springframework.security.web.authentication.ui.DefaultLogoutPageGeneratingFilter@2577a95d, org.springframework.security.web.authentication.www.BasicAuthenticationFilter@3f5156a6, org.springframework.security.web.savedrequest.RequestCacheAwareFilter@21a9a705, org.springframework.security.web.servletapi.SecurityContextHolderAwareRequestFilter@4a481728, org.springframework.security.web.authentication.AnonymousAuthenticationFilter@1668919e, org.springframework.security.web.session.SessionManagementFilter@32f96bba, org.springframework.security.web.access.ExceptionTranslationFilter@75b6dd5b, org.springframework.security.web.access.intercept.FilterSecurityInterceptor@5584d9c6]
2020-08-04 09:02:24.550 INFO [main]o.s.scheduling.concurrent.ThreadPoolTaskExecutor.initialize:171 -Initializing ExecutorService 'applicationTaskExecutor'
2020-08-04 09:02:25.617 INFO [main]com.uestc.labelproject.LabelprojectApplicationTests.logStarted:59 -Started LabelprojectApplicationTests in 14.203 seconds (JVM running for 21.365)
2020-08-04 09:02:26.493 INFO [Thread-3]o.s.scheduling.concurrent.ThreadPoolTaskExecutor.shutdown:208 -Shutting down ExecutorService 'applicationTaskExecutor'
2020-08-04 09:04:36.734 INFO [main]com.uestc.labelproject.LabelprojectApplicationTests.logStarting:50 -Starting LabelprojectApplicationTests on xingzheng with PID 11709 (started by xingzheng in /home/xingzheng/LabelDoc/server/server-springBoot)
2020-08-04 09:04:36.736 INFO [main]com.uestc.labelproject.LabelprojectApplicationTests.logStartupProfileInfo:650 -The following profiles are active: dev
2020-08-04 09:04:37.829 INFO [main]o.s.d.repository.config.RepositoryConfigurationDelegate.multipleStoresDetected:244 -Multiple Spring Data modules found, entering strict repository configuration mode!
2020-08-04 09:04:37.833 INFO [main]o.s.d.repository.config.RepositoryConfigurationDelegate.registerRepositoriesIn:126 -Bootstrapping Spring Data repositories in DEFAULT mode.
2020-08-04 09:04:37.903 INFO [main]o.s.d.repository.config.RepositoryConfigurationDelegate.registerRepositoriesIn:182 -Finished Spring Data repository scanning in 49ms. Found 0 repository interfaces.
2020-08-04 09:04:38.483 INFO [main]o.s.c.s.PostProcessorRegistrationDelegate$BeanPostProcessorChecker.postProcessAfterInitialization:330 -Bean 'org.springframework.transaction.annotation.ProxyTransactionManagementConfiguration' of type [org.springframework.transaction.annotation.ProxyTransactionManagementConfiguration$$EnhancerBySpringCGLIB$$678757f7] is not eligible for getting processed by all BeanPostProcessors (for example: not eligible for auto-proxying)
2020-08-04 09:04:40.799 INFO [main]o.s.security.web.DefaultSecurityFilterChain.<init>:43 -Creating filter chain: Ant [pattern='/test/**'], []
2020-08-04 09:04:40.799 INFO [main]o.s.security.web.DefaultSecurityFilterChain.<init>:43 -Creating filter chain: Ant [pattern='/image/**'], []
2020-08-04 09:04:40.800 INFO [main]o.s.security.web.DefaultSecurityFilterChain.<init>:43 -Creating filter chain: Ant [pattern='/thumb/**'], []
2020-08-04 09:04:40.801 INFO [main]o.s.security.web.DefaultSecurityFilterChain.<init>:43 -Creating filter chain: Ant [pattern='/video/**'], []
2020-08-04 09:04:40.803 INFO [main]o.s.security.web.DefaultSecurityFilterChain.<init>:43 -Creating filter chain: Ant [pattern='/videos/**'], []
2020-08-04 09:04:41.055 INFO [main]o.s.security.web.DefaultSecurityFilterChain.<init>:43 -Creating filter chain: any request, [org.springframework.security.web.context.request.async.WebAsyncManagerIntegrationFilter@4ceff87d, org.springframework.security.web.context.SecurityContextPersistenceFilter@67e25252, org.springframework.security.web.header.HeaderWriterFilter@e111c7c, org.springframework.web.filter.CorsFilter@3238e2aa, org.springframework.security.web.authentication.logout.LogoutFilter@64deb58f, com.uestc.labelproject.config.JwtAuthenticationTokenFilter@2c7db926, org.springframework.security.web.authentication.UsernamePasswordAuthenticationFilter@3252747e, org.springframework.security.web.authentication.ui.DefaultLoginPageGeneratingFilter@76d72b5b, org.springframework.security.web.authentication.ui.DefaultLogoutPageGeneratingFilter@2577a95d, org.springframework.security.web.authentication.www.BasicAuthenticationFilter@3f5156a6, org.springframework.security.web.savedrequest.RequestCacheAwareFilter@21a9a705, org.springframework.security.web.servletapi.SecurityContextHolderAwareRequestFilter@4a481728, org.springframework.security.web.authentication.AnonymousAuthenticationFilter@1668919e, org.springframework.security.web.session.SessionManagementFilter@32f96bba, org.springframework.security.web.access.ExceptionTranslationFilter@75b6dd5b, org.springframework.security.web.access.intercept.FilterSecurityInterceptor@5584d9c6]
2020-08-04 09:04:42.192 INFO [main]o.s.scheduling.concurrent.ThreadPoolTaskExecutor.initialize:171 -Initializing ExecutorService 'applicationTaskExecutor'
2020-08-04 09:04:43.611 INFO [main]com.uestc.labelproject.LabelprojectApplicationTests.logStarted:59 -Started LabelprojectApplicationTests in 7.431 seconds (JVM running for 8.972)
2020-08-04 09:04:44.063 INFO [Thread-3]o.s.scheduling.concurrent.ThreadPoolTaskExecutor.shutdown:208 -Shutting down ExecutorService 'applicationTaskExecutor'
2020-08-04 09:24:12.733 INFO [main]com.uestc.labelproject.LabelprojectApplicationTests.logStarting:50 -Starting LabelprojectApplicationTests on xingzheng with PID 12399 (started by xingzheng in /home/xingzheng/LabelDoc/server/server-springBoot)
2020-08-04 09:24:12.737 INFO [main]com.uestc.labelproject.LabelprojectApplicationTests.logStartupProfileInfo:650 -The following profiles are active: dev
2020-08-04 09:24:14.056 INFO [main]o.s.d.repository.config.RepositoryConfigurationDelegate.multipleStoresDetected:244 -Multiple Spring Data modules found, entering strict repository configuration mode!
2020-08-04 09:24:14.062 INFO [main]o.s.d.repository.config.RepositoryConfigurationDelegate.registerRepositoriesIn:126 -Bootstrapping Spring Data repositories in DEFAULT mode.
2020-08-04 09:24:14.133 INFO [main]o.s.d.repository.config.RepositoryConfigurationDelegate.registerRepositoriesIn:182 -Finished Spring Data repository scanning in 45ms. Found 0 repository interfaces.
2020-08-04 09:24:14.904 INFO [main]o.s.c.s.PostProcessorRegistrationDelegate$BeanPostProcessorChecker.postProcessAfterInitialization:330 -Bean 'org.springframework.transaction.annotation.ProxyTransactionManagementConfiguration' of type [org.springframework.transaction.annotation.ProxyTransactionManagementConfiguration$$EnhancerBySpringCGLIB$$9f89458c] is not eligible for getting processed by all BeanPostProcessors (for example: not eligible for auto-proxying)
2020-08-04 09:24:17.347 INFO [main]o.s.security.web.DefaultSecurityFilterChain.<init>:43 -Creating filter chain: Ant [pattern='/test/**'], []
2020-08-04 09:24:17.348 INFO [main]o.s.security.web.DefaultSecurityFilterChain.<init>:43 -Creating filter chain: Ant [pattern='/image/**'], []
2020-08-04 09:24:17.349 INFO [main]o.s.security.web.DefaultSecurityFilterChain.<init>:43 -Creating filter chain: Ant [pattern='/thumb/**'], []
2020-08-04 09:24:17.350 INFO [main]o.s.security.web.DefaultSecurityFilterChain.<init>:43 -Creating filter chain: Ant [pattern='/video/**'], []
2020-08-04 09:24:17.351 INFO [main]o.s.security.web.DefaultSecurityFilterChain.<init>:43 -Creating filter chain: Ant [pattern='/videos/**'], []
2020-08-04 09:24:17.603 INFO [main]o.s.security.web.DefaultSecurityFilterChain.<init>:43 -Creating filter chain: any request, [org.springframework.security.web.context.request.async.WebAsyncManagerIntegrationFilter@2c7db926, org.springframework.security.web.context.SecurityContextPersistenceFilter@21a9a705, org.springframework.security.web.header.HeaderWriterFilter@32f96bba, org.springframework.web.filter.CorsFilter@2577a95d, org.springframework.security.web.authentication.logout.LogoutFilter@33379242, com.uestc.labelproject.config.JwtAuthenticationTokenFilter@1668919e, org.springframework.security.web.authentication.UsernamePasswordAuthenticationFilter@2dd8ff1d, org.springframework.security.web.authentication.ui.DefaultLoginPageGeneratingFilter@479b5066, org.springframework.security.web.authentication.ui.DefaultLogoutPageGeneratingFilter@63300c4b, org.springframework.security.web.authentication.www.BasicAuthenticationFilter@7d17ee50, org.springframework.security.web.savedrequest.RequestCacheAwareFilter@76ececd, org.springframework.security.web.servletapi.SecurityContextHolderAwareRequestFilter@77fa9381, org.springframework.security.web.authentication.AnonymousAuthenticationFilter@22c53d82, org.springframework.security.web.session.SessionManagementFilter@67e25252, org.springframework.security.web.access.ExceptionTranslationFilter@72b43104, org.springframework.security.web.access.intercept.FilterSecurityInterceptor@6d0be7ab]
2020-08-04 09:24:18.687 INFO [main]o.s.scheduling.concurrent.ThreadPoolTaskExecutor.initialize:171 -Initializing ExecutorService 'applicationTaskExecutor'
2020-08-04 09:24:19.892 INFO [main]com.uestc.labelproject.LabelprojectApplicationTests.logStarted:59 -Started LabelprojectApplicationTests in 7.78 seconds (JVM running for 8.984)
2020-08-04 09:24:20.392 INFO [Thread-3]o.s.scheduling.concurrent.ThreadPoolTaskExecutor.shutdown:208 -Shutting down ExecutorService 'applicationTaskExecutor'
2020-08-04 09:29:10.314 INFO [main]com.uestc.labelproject.LabelprojectApplicationTests.logStarting:50 -Starting LabelprojectApplicationTests on xingzheng with PID 12698 (started by xingzheng in /home/xingzheng/LabelDoc/server/server-springBoot)
2020-08-04 09:29:10.320 INFO [main]com.uestc.labelproject.LabelprojectApplicationTests.logStartupProfileInfo:650 -The following profiles are active: proc
2020-08-04 09:29:12.203 INFO [main]o.s.d.repository.config.RepositoryConfigurationDelegate.multipleStoresDetected:244 -Multiple Spring Data modules found, entering strict repository configuration mode!
2020-08-04 09:29:12.213 INFO [main]o.s.d.repository.config.RepositoryConfigurationDelegate.registerRepositoriesIn:126 -Bootstrapping Spring Data repositories in DEFAULT mode.
2020-08-04 09:29:12.302 INFO [main]o.s.d.repository.config.RepositoryConfigurationDelegate.registerRepositoriesIn:182 -Finished Spring Data repository scanning in 53ms. Found 0 repository interfaces.
2020-08-04 09:29:13.326 INFO [main]o.s.c.s.PostProcessorRegistrationDelegate$BeanPostProcessorChecker.postProcessAfterInitialization:330 -Bean 'org.springframework.transaction.annotation.ProxyTransactionManagementConfiguration' of type [org.springframework.transaction.annotation.ProxyTransactionManagementConfiguration$$EnhancerBySpringCGLIB$$6b5deb76] is not eligible for getting processed by all BeanPostProcessors (for example: not eligible for auto-proxying)
2020-08-04 09:29:17.883 INFO [main]o.s.security.web.DefaultSecurityFilterChain.<init>:43 -Creating filter chain: Ant [pattern='/test/**'], []
2020-08-04 09:29:17.886 INFO [main]o.s.security.web.DefaultSecurityFilterChain.<init>:43 -Creating filter chain: Ant [pattern='/image/**'], []
2020-08-04 09:29:18.671 INFO [main]o.s.security.web.DefaultSecurityFilterChain.<init>:43 -Creating filter chain: Ant [pattern='/thumb/**'], []
2020-08-04 09:29:18.672 INFO [main]o.s.security.web.DefaultSecurityFilterChain.<init>:43 -Creating filter chain: Ant [pattern='/video/**'], []
2020-08-04 09:29:18.673 INFO [main]o.s.security.web.DefaultSecurityFilterChain.<init>:43 -Creating filter chain: Ant [pattern='/videos/**'], []
2020-08-04 09:29:18.916 INFO [main]o.s.security.web.DefaultSecurityFilterChain.<init>:43 -Creating filter chain: any request, [org.springframework.security.web.context.request.async.WebAsyncManagerIntegrationFilter@2dd8ff1d, org.springframework.security.web.context.SecurityContextPersistenceFilter@75b6dd5b, org.springframework.security.web.header.HeaderWriterFilter@4d634127, org.springframework.web.filter.CorsFilter@17e9bc9e, org.springframework.security.web.authentication.logout.LogoutFilter@4eb9f2af, com.uestc.labelproject.config.JwtAuthenticationTokenFilter@36b9cb99, org.springframework.security.web.authentication.UsernamePasswordAuthenticationFilter@6d0be7ab, org.springframework.security.web.authentication.ui.DefaultLoginPageGeneratingFilter@7affc159, org.springframework.security.web.authentication.ui.DefaultLogoutPageGeneratingFilter@4130955c, org.springframework.security.web.authentication.www.BasicAuthenticationFilter@76d72b5b, org.springframework.security.web.savedrequest.RequestCacheAwareFilter@72b43104, org.springframework.security.web.servletapi.SecurityContextHolderAwareRequestFilter@21a9a705, org.springframework.security.web.authentication.AnonymousAuthenticationFilter@2bfaba70, org.springframework.security.web.session.SessionManagementFilter@1f1cddf3, org.springframework.security.web.access.ExceptionTranslationFilter@267cde2e, org.springframework.security.web.access.intercept.FilterSecurityInterceptor@431e86b1]
2020-08-04 09:29:19.880 INFO [main]o.s.scheduling.concurrent.ThreadPoolTaskExecutor.initialize:171 -Initializing ExecutorService 'applicationTaskExecutor'
2020-08-04 09:29:21.045 INFO [main]com.uestc.labelproject.LabelprojectApplicationTests.logStarted:59 -Started LabelprojectApplicationTests in 11.663 seconds (JVM running for 13.84)
2020-08-04 09:29:21.450 INFO [Thread-3]o.s.scheduling.concurrent.ThreadPoolTaskExecutor.shutdown:208 -Shutting down ExecutorService 'applicationTaskExecutor'
2020-08-04 09:29:39.501 INFO [main]com.uestc.labelproject.LabelprojectApplicationTests.logStarting:50 -Starting LabelprojectApplicationTests on xingzheng with PID 12922 (started by xingzheng in /home/xingzheng/LabelDoc/server/server-springBoot)
2020-08-04 09:29:39.504 INFO [main]com.uestc.labelproject.LabelprojectApplicationTests.logStartupProfileInfo:650 -The following profiles are active: proc
2020-08-04 09:29:40.778 INFO [main]o.s.d.repository.config.RepositoryConfigurationDelegate.multipleStoresDetected:244 -Multiple Spring Data modules found, entering strict repository configuration mode!
2020-08-04 09:29:40.783 INFO [main]o.s.d.repository.config.RepositoryConfigurationDelegate.registerRepositoriesIn:126 -Bootstrapping Spring Data repositories in DEFAULT mode.
2020-08-04 09:29:40.861 INFO [main]o.s.d.repository.config.RepositoryConfigurationDelegate.registerRepositoriesIn:182 -Finished Spring Data repository scanning in 47ms. Found 0 repository interfaces.
2020-08-04 09:29:41.520 INFO [main]o.s.c.s.PostProcessorRegistrationDelegate$BeanPostProcessorChecker.postProcessAfterInitialization:330 -Bean 'org.springframework.transaction.annotation.ProxyTransactionManagementConfiguration' of type [org.springframework.transaction.annotation.ProxyTransactionManagementConfiguration$$EnhancerBySpringCGLIB$$1e5d6dae] is not eligible for getting processed by all BeanPostProcessors (for example: not eligible for auto-proxying)
2020-08-04 09:29:43.452 INFO [main]o.s.security.web.DefaultSecurityFilterChain.<init>:43 -Creating filter chain: Ant [pattern='/test/**'], []
2020-08-04 09:29:43.453 INFO [main]o.s.security.web.DefaultSecurityFilterChain.<init>:43 -Creating filter chain: Ant [pattern='/image/**'], []
2020-08-04 09:29:43.454 INFO [main]o.s.security.web.DefaultSecurityFilterChain.<init>:43 -Creating filter chain: Ant [pattern='/thumb/**'], []
2020-08-04 09:29:43.455 INFO [main]o.s.security.web.DefaultSecurityFilterChain.<init>:43 -Creating filter chain: Ant [pattern='/video/**'], []
2020-08-04 09:29:43.456 INFO [main]o.s.security.web.DefaultSecurityFilterChain.<init>:43 -Creating filter chain: Ant [pattern='/videos/**'], []
2020-08-04 09:29:43.661 INFO [main]o.s.security.web.DefaultSecurityFilterChain.<init>:43 -Creating filter chain: any request, [org.springframework.security.web.context.request.async.WebAsyncManagerIntegrationFilter@1668919e, org.springframework.security.web.context.SecurityContextPersistenceFilter@76ececd, org.springframework.security.web.header.HeaderWriterFilter@67e25252, org.springframework.web.filter.CorsFilter@63300c4b, org.springframework.security.web.authentication.logout.LogoutFilter@3f5156a6, com.uestc.labelproject.config.JwtAuthenticationTokenFilter@22c53d82, org.springframework.security.web.authentication.UsernamePasswordAuthenticationFilter@36b9cb99, org.springframework.security.web.authentication.ui.DefaultLoginPageGeneratingFilter@2b1cd7bc, org.springframework.security.web.authentication.ui.DefaultLogoutPageGeneratingFilter@3a6045c6, org.springframework.security.web.authentication.www.BasicAuthenticationFilter@712c5463, org.springframework.security.web.savedrequest.RequestCacheAwareFilter@1682c08c, org.springframework.security.web.servletapi.SecurityContextHolderAwareRequestFilter@7cac93fe, org.springframework.security.web.authentication.AnonymousAuthenticationFilter@68d6d775, org.springframework.security.web.session.SessionManagementFilter@21a9a705, org.springframework.security.web.access.ExceptionTranslationFilter@4d0e54e0, org.springframework.security.web.access.intercept.FilterSecurityInterceptor@6ef60295]
2020-08-04 09:29:44.585 INFO [main]o.s.scheduling.concurrent.ThreadPoolTaskExecutor.initialize:171 -Initializing ExecutorService 'applicationTaskExecutor'
2020-08-04 09:29:45.570 INFO [main]com.uestc.labelproject.LabelprojectApplicationTests.logStarted:59 -Started LabelprojectApplicationTests in 6.575 seconds (JVM running for 7.595)
2020-08-04 09:29:45.975 INFO [Thread-3]o.s.scheduling.concurrent.ThreadPoolTaskExecutor.shutdown:208 -Shutting down ExecutorService 'applicationTaskExecutor'
2020-08-04 09:32:42.620 INFO [main]com.uestc.labelproject.LabelprojectApplicationTests.logStarting:50 -Starting LabelprojectApplicationTests on xingzheng with PID 13256 (started by xingzheng in /home/xingzheng/LabelDoc/server/server-springBoot)
2020-08-04 09:32:42.622 INFO [main]com.uestc.labelproject.LabelprojectApplicationTests.logStartupProfileInfo:650 -The following profiles are active: proc
2020-08-04 09:32:44.061 INFO [main]o.s.d.repository.config.RepositoryConfigurationDelegate.multipleStoresDetected:244 -Multiple Spring Data modules found, entering strict repository configuration mode!
2020-08-04 09:32:44.067 INFO [main]o.s.d.repository.config.RepositoryConfigurationDelegate.registerRepositoriesIn:126 -Bootstrapping Spring Data repositories in DEFAULT mode.
2020-08-04 09:32:44.178 INFO [main]o.s.d.repository.config.RepositoryConfigurationDelegate.registerRepositoriesIn:182 -Finished Spring Data repository scanning in 72ms. Found 0 repository interfaces.
2020-08-04 09:32:45.123 INFO [main]o.s.c.s.PostProcessorRegistrationDelegate$BeanPostProcessorChecker.postProcessAfterInitialization:330 -Bean 'org.springframework.transaction.annotation.ProxyTransactionManagementConfiguration' of type [org.springframework.transaction.annotation.ProxyTransactionManagementConfiguration$$EnhancerBySpringCGLIB$$86492385] is not eligible for getting processed by all BeanPostProcessors (for example: not eligible for auto-proxying)
2020-08-04 09:32:47.148 INFO [main]o.s.security.web.DefaultSecurityFilterChain.<init>:43 -Creating filter chain: Ant [pattern='/test/**'], []
2020-08-04 09:32:47.149 INFO [main]o.s.security.web.DefaultSecurityFilterChain.<init>:43 -Creating filter chain: Ant [pattern='/image/**'], []
2020-08-04 09:32:47.150 INFO [main]o.s.security.web.DefaultSecurityFilterChain.<init>:43 -Creating filter chain: Ant [pattern='/thumb/**'], []
2020-08-04 09:32:47.151 INFO [main]o.s.security.web.DefaultSecurityFilterChain.<init>:43 -Creating filter chain: Ant [pattern='/video/**'], []
2020-08-04 09:32:47.151 INFO [main]o.s.security.web.DefaultSecurityFilterChain.<init>:43 -Creating filter chain: Ant [pattern='/videos/**'], []
2020-08-04 09:32:47.338 INFO [main]o.s.security.web.DefaultSecurityFilterChain.<init>:43 -Creating filter chain: any request, [org.springframework.security.web.context.request.async.WebAsyncManagerIntegrationFilter@4130955c, org.springframework.security.web.context.SecurityContextPersistenceFilter@e111c7c, org.springframework.security.web.header.HeaderWriterFilter@228bda54, org.springframework.web.filter.CorsFilter@2bfaba70, org.springframework.security.web.authentication.logout.LogoutFilter@77fa9381, com.uestc.labelproject.config.JwtAuthenticationTokenFilter@71adfedd, org.springframework.security.web.authentication.UsernamePasswordAuthenticationFilter@3127cb44, org.springframework.security.web.authentication.ui.DefaultLoginPageGeneratingFilter@4eb9f2af, org.springframework.security.web.authentication.ui.DefaultLogoutPageGeneratingFilter@9301672, org.springframework.security.web.authentication.www.BasicAuthenticationFilter@64deb58f, org.springframework.security.web.savedrequest.RequestCacheAwareFilter@32f96bba, org.springframework.security.web.servletapi.SecurityContextHolderAwareRequestFilter@7affc159, org.springframework.security.web.authentication.AnonymousAuthenticationFilter@4ceff87d, org.springframework.security.web.session.SessionManagementFilter@b3e86d5, org.springframework.security.web.access.ExceptionTranslationFilter@4d634127, org.springframework.security.web.access.intercept.FilterSecurityInterceptor@682af059]
2020-08-04 09:32:48.178 INFO [main]o.s.scheduling.concurrent.ThreadPoolTaskExecutor.initialize:171 -Initializing ExecutorService 'applicationTaskExecutor'
2020-08-04 09:32:49.227 INFO [main]com.uestc.labelproject.LabelprojectApplicationTests.logStarted:59 -Started LabelprojectApplicationTests in 7.091 seconds (JVM running for 8.129)
2020-08-04 09:32:49.646 INFO [Thread-3]o.s.scheduling.concurrent.ThreadPoolTaskExecutor.shutdown:208 -Shutting down ExecutorService 'applicationTaskExecutor'
